<?xml version="1.0" encoding="UTF-8"?>
<testsuite xmlns:xsi="http://www.w3.org/2001/XMLSchema-instance" xsi:noNamespaceSchemaLocation="https://maven.apache.org/surefire/maven-surefire-plugin/xsd/surefire-test-report.xsd" name="fil.coo.FileCheckerTest" time="0.006" tests="4" errors="0" skipped="0" failures="0">
  <properties>
[...]
</properties>
  <testcase name="testRemoveFileListener" classname="fil.coo.FileCheckerTest" time="0"/>
  <testcase name="testFileChecker" classname="fil.coo.FileCheckerTest" time="0"/>
  <testcase name="testAddFileListener" classname="fil.coo.FileCheckerTest" time="0"/>
  <testcase name="testFireFileAdded" classname="fil.coo.FileCheckerTest" time="0.001"/>
</testsuite>